{"duration":"3ms","ip":"::1","level":"info","message":"OPTIONS /api/auth/login","service":"medical-waste-api","status":204,"timestamp":"2025-03-19 04:33:42","userId":"unauthenticated"}
{"duration":"250ms","ip":"::1","level":"warn","message":"POST /api/auth/login","service":"medical-waste-api","status":401,"timestamp":"2025-03-19 04:33:42","userId":"unauthenticated"}
{"duration":"1ms","ip":"::1","level":"info","message":"OPTIONS /api/auth/register","service":"medical-waste-api","status":204,"timestamp":"2025-03-19 04:34:08","userId":"unauthenticated"}
{"duration":"15ms","ip":"::1","level":"warn","message":"POST /api/auth/register","service":"medical-waste-api","status":400,"timestamp":"2025-03-19 04:34:08","userId":"unauthenticated"}
{"duration":"5ms","ip":"::1","level":"warn","message":"POST /api/auth/register","service":"medical-waste-api","status":400,"timestamp":"2025-03-19 04:34:52","userId":"unauthenticated"}
{"duration":"549ms","ip":"::1","level":"info","message":"POST /api/auth/register","service":"medical-waste-api","status":201,"timestamp":"2025-03-19 04:35:19","userId":"unauthenticated"}
{"duration":"0ms","ip":"::1","level":"info","message":"OPTIONS /api/waste-bins/overfilled","service":"medical-waste-api","status":204,"timestamp":"2025-03-19 04:35:20","userId":"unauthenticated"}
{"duration":"1ms","ip":"::1","level":"info","message":"OPTIONS /api/waste-bins/statistics","service":"medical-waste-api","status":204,"timestamp":"2025-03-19 04:35:20","userId":"unauthenticated"}
{"duration":"1ms","ip":"::1","level":"info","message":"OPTIONS /api/waste-bins","service":"medical-waste-api","status":204,"timestamp":"2025-03-19 04:35:20","userId":"unauthenticated"}
{"duration":"224ms","ip":"::1","level":"info","message":"GET /api/waste-bins","service":"medical-waste-api","status":200,"timestamp":"2025-03-19 04:35:20","userId":"67da0337b61b0c31bdb6f1fa"}
{"duration":"237ms","ip":"::1","level":"info","message":"GET /api/waste-bins/overfilled","service":"medical-waste-api","status":200,"timestamp":"2025-03-19 04:35:20","userId":"67da0337b61b0c31bdb6f1fa"}
{"duration":"219ms","ip":"::1","level":"info","message":"GET /api/waste-bins/overfilled","service":"medical-waste-api","status":200,"timestamp":"2025-03-19 04:35:20","userId":"67da0337b61b0c31bdb6f1fa"}
{"duration":"566ms","ip":"::1","level":"info","message":"GET /api/waste-bins/statistics","service":"medical-waste-api","status":200,"timestamp":"2025-03-19 04:35:20","userId":"67da0337b61b0c31bdb6f1fa"}
{"duration":"220ms","ip":"::1","level":"info","message":"GET /api/waste-bins","service":"medical-waste-api","status":200,"timestamp":"2025-03-19 04:35:30","userId":"67da0337b61b0c31bdb6f1fa"}
{"duration":"1ms","ip":"::1","level":"info","message":"OPTIONS /api/users/profile","service":"medical-waste-api","status":204,"timestamp":"2025-03-19 04:35:35","userId":"unauthenticated"}
{"duration":"1ms","ip":"::1","level":"warn","message":"GET /api/users/profile","service":"medical-waste-api","status":404,"timestamp":"2025-03-19 04:35:35","userId":"unauthenticated"}
{"duration":"3ms","ip":"::1","level":"warn","message":"GET /api/users/profile","service":"medical-waste-api","status":404,"timestamp":"2025-03-19 04:35:36","userId":"unauthenticated"}
{"duration":"0ms","ip":"::1","level":"info","message":"OPTIONS /api/auth/verify","service":"medical-waste-api","status":204,"timestamp":"2025-03-19 04:35:41","userId":"unauthenticated"}
{"duration":"1ms","ip":"::1","level":"info","message":"OPTIONS /api/auth/verify","service":"medical-waste-api","status":204,"timestamp":"2025-03-19 04:35:41","userId":"unauthenticated"}
{"duration":"112ms","ip":"::1","level":"info","message":"GET /api/auth/verify","service":"medical-waste-api","status":200,"timestamp":"2025-03-19 04:35:41","userId":"67da0337b61b0c31bdb6f1fa"}
{"duration":"2ms","ip":"::1","level":"warn","message":"GET /api/users/profile","service":"medical-waste-api","status":404,"timestamp":"2025-03-19 04:35:41","userId":"unauthenticated"}
{"duration":"111ms","ip":"::1","level":"info","message":"GET /api/auth/verify","service":"medical-waste-api","status":200,"timestamp":"2025-03-19 04:35:41","userId":"67da0337b61b0c31bdb6f1fa"}
{"duration":"220ms","ip":"::1","level":"info","message":"GET /api/waste-bins/overfilled","service":"medical-waste-api","status":200,"timestamp":"2025-03-19 04:35:41","userId":"67da0337b61b0c31bdb6f1fa"}
{"duration":"2ms","ip":"::1","level":"warn","message":"GET /api/users/profile","service":"medical-waste-api","status":404,"timestamp":"2025-03-19 04:35:42","userId":"unauthenticated"}
{"duration":"221ms","ip":"::1","level":"info","message":"GET /api/waste-bins","service":"medical-waste-api","status":200,"timestamp":"2025-03-19 04:39:12","userId":"67da0337b61b0c31bdb6f1fa"}
{"duration":"219ms","ip":"::1","level":"info","message":"GET /api/waste-bins/overfilled","service":"medical-waste-api","status":200,"timestamp":"2025-03-19 04:39:13","userId":"67da0337b61b0c31bdb6f1fa"}
{"duration":"218ms","ip":"::1","level":"info","message":"GET /api/waste-bins","service":"medical-waste-api","status":200,"timestamp":"2025-03-19 04:39:13","userId":"67da0337b61b0c31bdb6f1fa"}
{"duration":"546ms","ip":"::1","level":"info","message":"GET /api/waste-bins/statistics","service":"medical-waste-api","status":200,"timestamp":"2025-03-19 04:39:13","userId":"67da0337b61b0c31bdb6f1fa"}
{"duration":"2ms","ip":"::1","level":"warn","message":"GET /api/users/profile","service":"medical-waste-api","status":404,"timestamp":"2025-03-19 04:39:29","userId":"unauthenticated"}
{"duration":"1ms","ip":"::1","level":"warn","message":"GET /api/users/profile","service":"medical-waste-api","status":404,"timestamp":"2025-03-19 04:39:30","userId":"unauthenticated"}
{"duration":"219ms","ip":"::1","level":"info","message":"GET /api/waste-bins","service":"medical-waste-api","status":200,"timestamp":"2025-03-19 04:39:33","userId":"67da0337b61b0c31bdb6f1fa"}
{"duration":"217ms","ip":"::1","level":"info","message":"GET /api/waste-bins/overfilled","service":"medical-waste-api","status":200,"timestamp":"2025-03-19 04:39:41","userId":"67da0337b61b0c31bdb6f1fa"}
{"duration":"218ms","ip":"::1","level":"info","message":"GET /api/waste-bins","service":"medical-waste-api","status":200,"timestamp":"2025-03-19 04:39:42","userId":"67da0337b61b0c31bdb6f1fa"}
{"duration":"543ms","ip":"::1","level":"info","message":"GET /api/waste-bins/statistics","service":"medical-waste-api","status":200,"timestamp":"2025-03-19 04:39:44","userId":"67da0337b61b0c31bdb6f1fa"}
{"duration":"219ms","ip":"::1","level":"info","message":"GET /api/waste-bins/overfilled","service":"medical-waste-api","status":200,"timestamp":"2025-03-19 04:39:55","userId":"67da0337b61b0c31bdb6f1fa"}
{"duration":"1ms","ip":"::1","level":"info","message":"OPTIONS /api/waste-bins?fullnessMin=80","service":"medical-waste-api","status":204,"timestamp":"2025-03-19 04:39:58","userId":"unauthenticated"}
{"duration":"222ms","ip":"::1","level":"info","message":"GET /api/waste-bins?fullnessMin=80","service":"medical-waste-api","status":200,"timestamp":"2025-03-19 04:39:58","userId":"67da0337b61b0c31bdb6f1fa"}
{"duration":"219ms","ip":"::1","level":"info","message":"GET /api/waste-bins/overfilled","service":"medical-waste-api","status":200,"timestamp":"2025-03-19 04:41:42","userId":"67da0337b61b0c31bdb6f1fa"}
{"duration":"131ms","ip":"::1","level":"info","message":"GET /api/auth/verify","service":"medical-waste-api","status":200,"timestamp":"2025-03-19 04:48:12","userId":"67da0337b61b0c31bdb6f1fa"}
{"duration":"108ms","ip":"::1","level":"info","message":"GET /api/auth/verify","service":"medical-waste-api","status":200,"timestamp":"2025-03-19 04:48:13","userId":"67da0337b61b0c31bdb6f1fa"}
{"duration":"220ms","ip":"::1","level":"info","message":"GET /api/waste-bins/overfilled","service":"medical-waste-api","status":200,"timestamp":"2025-03-19 04:48:13","userId":"67da0337b61b0c31bdb6f1fa"}
{"duration":"427ms","ip":"::1","level":"info","message":"GET /api/waste-bins","service":"medical-waste-api","status":200,"timestamp":"2025-03-19 04:48:13","userId":"67da0337b61b0c31bdb6f1fa"}
{"duration":"219ms","ip":"::1","level":"info","message":"GET /api/waste-bins/overfilled","service":"medical-waste-api","status":200,"timestamp":"2025-03-19 04:48:13","userId":"67da0337b61b0c31bdb6f1fa"}
{"duration":"547ms","ip":"::1","level":"info","message":"GET /api/waste-bins/statistics","service":"medical-waste-api","status":200,"timestamp":"2025-03-19 04:48:13","userId":"67da0337b61b0c31bdb6f1fa"}
{"duration":"219ms","ip":"::1","level":"info","message":"GET /api/users/profile","service":"medical-waste-api","status":200,"timestamp":"2025-03-19 04:48:15","userId":"67da0337b61b0c31bdb6f1fa"}
{"duration":"224ms","ip":"::1","level":"info","message":"GET /api/waste-bins?fullnessMin=80","service":"medical-waste-api","status":200,"timestamp":"2025-03-19 04:48:28","userId":"67da0337b61b0c31bdb6f1fa"}
{"duration":"112ms","ip":"::1","level":"info","message":"GET /api/auth/verify","service":"medical-waste-api","status":200,"timestamp":"2025-03-19 04:48:47","userId":"67da0337b61b0c31bdb6f1fa"}
{"duration":"112ms","ip":"::1","level":"info","message":"GET /api/auth/verify","service":"medical-waste-api","status":200,"timestamp":"2025-03-19 04:48:47","userId":"67da0337b61b0c31bdb6f1fa"}
{"duration":"220ms","ip":"::1","level":"info","message":"GET /api/waste-bins/overfilled","service":"medical-waste-api","status":200,"timestamp":"2025-03-19 04:48:47","userId":"67da0337b61b0c31bdb6f1fa"}
{"duration":"215ms","ip":"::1","level":"info","message":"GET /api/waste-bins","service":"medical-waste-api","status":200,"timestamp":"2025-03-19 04:48:47","userId":"67da0337b61b0c31bdb6f1fa"}
{"duration":"214ms","ip":"::1","level":"info","message":"GET /api/waste-bins/overfilled","service":"medical-waste-api","status":200,"timestamp":"2025-03-19 04:48:47","userId":"67da0337b61b0c31bdb6f1fa"}
{"duration":"530ms","ip":"::1","level":"info","message":"GET /api/waste-bins/statistics","service":"medical-waste-api","status":200,"timestamp":"2025-03-19 04:48:47","userId":"67da0337b61b0c31bdb6f1fa"}
{"duration":"215ms","ip":"::1","level":"info","message":"GET /api/waste-bins","service":"medical-waste-api","status":200,"timestamp":"2025-03-19 04:48:49","userId":"67da0337b61b0c31bdb6f1fa"}
{"duration":"215ms","ip":"::1","level":"info","message":"GET /api/waste-bins","service":"medical-waste-api","status":200,"timestamp":"2025-03-19 04:48:50","userId":"67da0337b61b0c31bdb6f1fa"}
{"duration":"536ms","ip":"::1","level":"info","message":"GET /api/waste-bins/statistics","service":"medical-waste-api","status":200,"timestamp":"2025-03-19 04:48:52","userId":"67da0337b61b0c31bdb6f1fa"}
{"duration":"220ms","ip":"::1","level":"info","message":"GET /api/users/profile","service":"medical-waste-api","status":200,"timestamp":"2025-03-19 04:49:02","userId":"67da0337b61b0c31bdb6f1fa"}
{"duration":"0ms","ip":"::1","level":"info","message":"OPTIONS /api/users/departments","service":"medical-waste-api","status":204,"timestamp":"2025-03-19 04:50:38","userId":"unauthenticated"}
{"duration":"107ms","ip":"::1","level":"info","message":"GET /api/auth/verify","service":"medical-waste-api","status":200,"timestamp":"2025-03-19 04:50:38","userId":"67da0337b61b0c31bdb6f1fa"}
{"duration":"110ms","ip":"::1","level":"info","message":"GET /api/users/departments","service":"medical-waste-api","status":200,"timestamp":"2025-03-19 04:50:38","userId":"67da0337b61b0c31bdb6f1fa"}
{"duration":"215ms","ip":"::1","level":"info","message":"GET /api/waste-bins/overfilled","service":"medical-waste-api","status":200,"timestamp":"2025-03-19 04:50:38","userId":"67da0337b61b0c31bdb6f1fa"}
{"duration":"220ms","ip":"::1","level":"info","message":"GET /api/users/profile","service":"medical-waste-api","status":200,"timestamp":"2025-03-19 04:50:38","userId":"67da0337b61b0c31bdb6f1fa"}
{"duration":"220ms","ip":"::1","level":"info","message":"GET /api/users/profile","service":"medical-waste-api","status":200,"timestamp":"2025-03-19 04:51:44","userId":"67da0337b61b0c31bdb6f1fa"}
{"duration":"110ms","ip":"::1","level":"info","message":"GET /api/auth/verify","service":"medical-waste-api","status":200,"timestamp":"2025-03-19 04:51:55","userId":"67da0337b61b0c31bdb6f1fa"}
{"duration":"111ms","ip":"::1","level":"info","message":"GET /api/auth/verify","service":"medical-waste-api","status":200,"timestamp":"2025-03-19 04:51:55","userId":"67da0337b61b0c31bdb6f1fa"}
{"duration":"213ms","ip":"::1","level":"info","message":"GET /api/waste-bins/overfilled","service":"medical-waste-api","status":200,"timestamp":"2025-03-19 04:51:55","userId":"67da0337b61b0c31bdb6f1fa"}
{"duration":"218ms","ip":"::1","level":"info","message":"GET /api/users/profile","service":"medical-waste-api","status":200,"timestamp":"2025-03-19 04:51:55","userId":"67da0337b61b0c31bdb6f1fa"}
{"duration":"219ms","ip":"::1","level":"info","message":"GET /api/waste-bins","service":"medical-waste-api","status":200,"timestamp":"2025-03-19 04:51:57","userId":"67da0337b61b0c31bdb6f1fa"}
{"duration":"215ms","ip":"::1","level":"info","message":"GET /api/waste-bins/overfilled","service":"medical-waste-api","status":200,"timestamp":"2025-03-19 04:51:58","userId":"67da0337b61b0c31bdb6f1fa"}
{"duration":"218ms","ip":"::1","level":"info","message":"GET /api/waste-bins","service":"medical-waste-api","status":200,"timestamp":"2025-03-19 04:51:58","userId":"67da0337b61b0c31bdb6f1fa"}
{"duration":"544ms","ip":"::1","level":"info","message":"GET /api/waste-bins/statistics","service":"medical-waste-api","status":200,"timestamp":"2025-03-19 04:51:59","userId":"67da0337b61b0c31bdb6f1fa"}
{"duration":"219ms","ip":"::1","level":"info","message":"GET /api/waste-bins","service":"medical-waste-api","status":200,"timestamp":"2025-03-19 04:52:18","userId":"67da0337b61b0c31bdb6f1fa"}
{"duration":"217ms","ip":"::1","level":"info","message":"GET /api/waste-bins","service":"medical-waste-api","status":200,"timestamp":"2025-03-19 04:52:19","userId":"67da0337b61b0c31bdb6f1fa"}
{"duration":"218ms","ip":"::1","level":"info","message":"GET /api/waste-bins","service":"medical-waste-api","status":200,"timestamp":"2025-03-19 04:52:23","userId":"67da0337b61b0c31bdb6f1fa"}
{"duration":"543ms","ip":"::1","level":"info","message":"GET /api/waste-bins/statistics","service":"medical-waste-api","status":200,"timestamp":"2025-03-19 04:52:26","userId":"67da0337b61b0c31bdb6f1fa"}
{"duration":"219ms","ip":"::1","level":"info","message":"GET /api/users/profile","service":"medical-waste-api","status":200,"timestamp":"2025-03-19 04:52:31","userId":"67da0337b61b0c31bdb6f1fa"}
{"duration":"0ms","ip":"::1","level":"info","message":"OPTIONS /api/users/profile","service":"medical-waste-api","status":204,"timestamp":"2025-03-19 04:52:41","userId":"unauthenticated"}
{"duration":"219ms","ip":"::1","level":"info","message":"GET /api/waste-bins/overfilled","service":"medical-waste-api","status":200,"timestamp":"2025-03-19 04:52:51","userId":"67da0337b61b0c31bdb6f1fa"}
{"duration":"219ms","ip":"::1","level":"info","message":"GET /api/waste-bins/overfilled","service":"medical-waste-api","status":200,"timestamp":"2025-03-19 04:52:56","userId":"67da0337b61b0c31bdb6f1fa"}
{"duration":"217ms","ip":"::1","level":"info","message":"GET /api/waste-bins?fullnessMin=80","service":"medical-waste-api","status":200,"timestamp":"2025-03-19 04:53:08","userId":"67da0337b61b0c31bdb6f1fa"}
{"duration":"219ms","ip":"::1","level":"info","message":"GET /api/waste-bins","service":"medical-waste-api","status":200,"timestamp":"2025-03-19 04:53:11","userId":"67da0337b61b0c31bdb6f1fa"}
{"duration":"542ms","ip":"::1","level":"info","message":"GET /api/waste-bins/statistics","service":"medical-waste-api","status":200,"timestamp":"2025-03-19 04:53:11","userId":"67da0337b61b0c31bdb6f1fa"}
